<?xml version="1.0" encoding="UTF-8"?>
<!-- Generated by org.testng.reporters.JUnitReportReporter -->
<testsuite hostname="Asplap2656" failures="0" tests="1" name="DemoPractices.ClientApiAutomationE2E" time="1.674" errors="0" timestamp="2024-01-10T09:54:35 IST" skipped="0">
  <testcase classname="DemoPractices.ClientApiAutomationE2E" name="clientAPIEnd2End" time="1.674"/>
  <system-out/>
</testsuite> <!-- DemoPractices.ClientApiAutomationE2E -->
