<?xml version="1.0" encoding="UTF-8"?>
<!-- Generated by org.testng.reporters.JUnitReportReporter -->
<testsuite hostname="Asplap2656" failures="0" tests="2" name="Cucumber.Options.TestRunner" time="5.436" errors="0" timestamp="2024-01-10T14:06:19 IST" skipped="0">
  <testcase classname="Cucumber.Options.TestRunner" name="runScenario" time="0.970"/>
  <system-out/>
  <testcase classname="Cucumber.Options.TestRunner" name="runScenario" time="4.466"/>
  <system-out/>
</testsuite> <!-- Cucumber.Options.TestRunner -->
