<?xml version="1.0" encoding="UTF-8"?>
<!-- Generated by org.testng.reporters.JUnitReportReporter -->
<testsuite hostname="Asplap2656" failures="0" tests="4" name="DemoPractices.BookAPI" time="0.839" errors="0" timestamp="2024-01-10T14:39:37 IST" skipped="0">
  <testcase classname="DemoPractices.BookAPI" name="addBook" time="0.208"/>
  <system-out/>
  <testcase classname="DemoPractices.BookAPI" name="addBook" time="0.218"/>
  <system-out/>
  <testcase classname="DemoPractices.BookAPI" name="addBook" time="0.189"/>
  <system-out/>
  <testcase classname="DemoPractices.BookAPI" name="addBook" time="0.224"/>
  <system-out/>
</testsuite> <!-- DemoPractices.BookAPI -->
