<?xml version="1.0" encoding="UTF-8"?>
<!-- Generated by org.testng.reporters.JUnitReportReporter -->
<testsuite hostname="Asplap2656" failures="0" tests="2" name="Cucumber.Options.TestRunner" time="2.090" errors="0" timestamp="2024-01-10T14:39:37 IST" skipped="0">
  <testcase classname="Cucumber.Options.TestRunner" name="runScenario" time="0.967"/>
  <system-out/>
  <testcase classname="Cucumber.Options.TestRunner" name="runScenario" time="1.123"/>
  <system-out/>
</testsuite> <!-- Cucumber.Options.TestRunner -->
