<?xml version="1.0" encoding="UTF-8"?>
<!-- Generated by org.testng.reporters.JUnitReportReporter -->
<testsuite hostname="Asplap2656" failures="0" tests="1" name="DemoPractices.RestAPIWithExcel" time="5.559" errors="0" timestamp="2024-01-10T14:39:37 IST" skipped="0">
  <testcase classname="DemoPractices.RestAPIWithExcel" name="getExcelDateInAPI" time="5.559"/>
  <system-out/>
</testsuite> <!-- DemoPractices.RestAPIWithExcel -->
