<?xml version="1.0" encoding="UTF-8"?>
<!-- Generated by org.testng.reporters.JUnitReportReporter -->
<testsuite hostname="Asplap2656" failures="0" tests="1" name="DemoPractices.MapApiWithSerialization" time="0.861" errors="0" timestamp="2024-01-10T09:54:35 IST" skipped="0">
  <testcase classname="DemoPractices.MapApiWithSerialization" name="mapSerialization" time="0.861"/>
  <system-out/>
</testsuite> <!-- DemoPractices.MapApiWithSerialization -->
