<?xml version="1.0" encoding="UTF-8"?>
<!-- Generated by org.testng.reporters.JUnitReportReporter -->
<testsuite hostname="Asplap2656" failures="0" tests="4" name="DemoPractices.BookAPI" time="0.919" errors="0" timestamp="2024-01-10T09:54:35 IST" skipped="0">
  <testcase classname="DemoPractices.BookAPI" name="addBook" time="0.265"/>
  <system-out/>
  <testcase classname="DemoPractices.BookAPI" name="addBook" time="0.185"/>
  <system-out/>
  <testcase classname="DemoPractices.BookAPI" name="addBook" time="0.279"/>
  <system-out/>
  <testcase classname="DemoPractices.BookAPI" name="addBook" time="0.190"/>
  <system-out/>
</testsuite> <!-- DemoPractices.BookAPI -->
