<?xml version="1.0" encoding="UTF-8"?>
<!-- Generated by org.testng.reporters.JUnitReportReporter -->
<testsuite hostname="Asplap2656" failures="0" tests="1" name="DemoPractices.MapAPIs" time="1.974" errors="0" timestamp="2024-01-10T09:54:35 IST" skipped="0">
  <testcase classname="DemoPractices.MapAPIs" name="mapAPI" time="1.974"/>
  <system-out/>
</testsuite> <!-- DemoPractices.MapAPIs -->
