<?xml version="1.0" encoding="UTF-8"?>
<!-- Generated by org.testng.reporters.JUnitReportReporter -->
<testsuite hostname="Asplap2656" failures="0" tests="1" name="DemoPractices.HashMapInteg" time="0.243" errors="0" timestamp="2024-01-10T09:54:35 IST" skipped="0">
  <testcase classname="DemoPractices.HashMapInteg" name="hashMapIntegration" time="0.243"/>
  <system-out/>
</testsuite> <!-- DemoPractices.HashMapInteg -->
